khoi dong chuong trinh ....
Traceback (most recent call last):
  File "C:\Lay_link\linkDesign\main.py", line 101, in <module>
    main()
    ~~~~^^
  File "C:\Lay_link\linkDesign\main.py", line 33, in main
    print("Vui lòng ch\u1ecdn ch\u1ee9c n\u0103ng:")
    ~~~~~^^^^^^^^^^^^^^^^^^^^^^^^^^^^
  File "C:\Users\PC\AppData\Local\Programs\Python\Python313\Lib\encodings\cp1252.py", line 19, in encode
    return codecs.charmap_encode(input,self.errors,encoding_table)[0]
           ~~~~~~~~~~~~~~~~~~~~~^^^^^^^^^^^^^^^^^^^^^^^^^^^^^^^^^^
UnicodeEncodeError: 'charmap' codec can't encode character '\u1ecd' in position 11: character maps to <undefined>
khoi dong chuong trinh ....
Traceback (most recent call last):
  File "C:\Lay_link\linkDesign\main.py", line 101, in <module>
    main()
    ~~~~^^
  File "C:\Lay_link\linkDesign\main.py", line 33, in main
    print("Vui lòng ch\u1ecdn ch\u1ee9c n\u0103ng:")
    ~~~~~^^^^^^^^^^^^^^^^^^^^^^^^^^^^
  File "C:\Users\PC\AppData\Local\Programs\Python\Python313\Lib\encodings\cp1252.py", line 19, in encode
    return codecs.charmap_encode(input,self.errors,encoding_table)[0]
           ~~~~~~~~~~~~~~~~~~~~~^^^^^^^^^^^^^^^^^^^^^^^^^^^^^^^^^^
UnicodeEncodeError: 'charmap' codec can't encode character '\u1ecd' in position 11: character maps to <undefined>
khoi dong chuong trinh ....
Traceback (most recent call last):
  File "C:\Lay_link\linkDesign\main.py", line 101, in <module>
    main()
    ~~~~^^
  File "C:\Lay_link\linkDesign\main.py", line 33, in main
    print("Vui lòng ch\u1ecdn ch\u1ee9c n\u0103ng:")
    ~~~~~^^^^^^^^^^^^^^^^^^^^^^^^^^^^
  File "C:\Users\PC\AppData\Local\Programs\Python\Python313\Lib\encodings\cp1252.py", line 19, in encode
    return codecs.charmap_encode(input,self.errors,encoding_table)[0]
           ~~~~~~~~~~~~~~~~~~~~~^^^^^^^^^^^^^^^^^^^^^^^^^^^^^^^^^^
UnicodeEncodeError: 'charmap' codec can't encode character '\u1ecd' in position 11: character maps to <undefined>
khoi dong chuong trinh ....
Traceback (most recent call last):
  File "C:\Lay_link\linkDesign\main.py", line 101, in <module>
    main()
    ~~~~^^
  File "C:\Lay_link\linkDesign\main.py", line 33, in main
    print("Vui lòng ch\u1ecdn ch\u1ee9c n\u0103ng:")
    ~~~~~^^^^^^^^^^^^^^^^^^^^^^^^^^^^
  File "C:\Users\PC\AppData\Local\Programs\Python\Python313\Lib\encodings\cp1252.py", line 19, in encode
    return codecs.charmap_encode(input,self.errors,encoding_table)[0]
           ~~~~~~~~~~~~~~~~~~~~~^^^^^^^^^^^^^^^^^^^^^^^^^^^^^^^^^^
UnicodeEncodeError: 'charmap' codec can't encode character '\u1ecd' in position 11: character maps to <undefined>
khoi dong chuong trinh ....
Traceback (most recent call last):
  File "C:\Lay_link\linkDesign\main.py", line 101, in <module>
    main()
    ~~~~^^
  File "C:\Lay_link\linkDesign\main.py", line 33, in main
    print("Vui lòng ch\u1ecdn ch\u1ee9c n\u0103ng:")
    ~~~~~^^^^^^^^^^^^^^^^^^^^^^^^^^^^
  File "C:\Users\PC\AppData\Local\Programs\Python\Python313\Lib\encodings\cp1252.py", line 19, in encode
    return codecs.charmap_encode(input,self.errors,encoding_table)[0]
           ~~~~~~~~~~~~~~~~~~~~~^^^^^^^^^^^^^^^^^^^^^^^^^^^^^^^^^^
UnicodeEncodeError: 'charmap' codec can't encode character '\u1ecd' in position 11: character maps to <undefined>
khoi dong chuong trinh ....
Traceback (most recent call last):
  File "C:\Lay_link\linkDesign\main.py", line 101, in <module>
    main()
    ~~~~^^
  File "C:\Lay_link\linkDesign\main.py", line 33, in main
    print("Vui lòng ch\u1ecdn ch\u1ee9c n\u0103ng:")
    ~~~~~^^^^^^^^^^^^^^^^^^^^^^^^^^^^
  File "C:\Users\PC\AppData\Local\Programs\Python\Python313\Lib\encodings\cp1252.py", line 19, in encode
    return codecs.charmap_encode(input,self.errors,encoding_table)[0]
           ~~~~~~~~~~~~~~~~~~~~~^^^^^^^^^^^^^^^^^^^^^^^^^^^^^^^^^^
UnicodeEncodeError: 'charmap' codec can't encode character '\u1ecd' in position 11: character maps to <undefined>
khoi dong chuong trinh ....
Traceback (most recent call last):
  File "C:\Lay_link\linkDesign\main.py", line 101, in <module>
    main()
    ~~~~^^
  File "C:\Lay_link\linkDesign\main.py", line 33, in main
    print("Vui lòng ch\u1ecdn ch\u1ee9c n\u0103ng:")
    ~~~~~^^^^^^^^^^^^^^^^^^^^^^^^^^^^
  File "C:\Users\PC\AppData\Local\Programs\Python\Python313\Lib\encodings\cp1252.py", line 19, in encode
    return codecs.charmap_encode(input,self.errors,encoding_table)[0]
           ~~~~~~~~~~~~~~~~~~~~~^^^^^^^^^^^^^^^^^^^^^^^^^^^^^^^^^^
UnicodeEncodeError: 'charmap' codec can't encode character '\u1ecd' in position 11: character maps to <undefined>
khoi dong chuong trinh ....
Traceback (most recent call last):
  File "C:\Lay_link\linkDesign\google_sheet.py", line 89, in copy_all_data_sheets
    sheet = self.client.open_by_key(sheet_id)
  File "C:\Users\PC\AppData\Local\Programs\Python\Python313\Lib\site-packages\gspread\client.py", line 174, in open_by_key
    raise ex
  File "C:\Users\PC\AppData\Local\Programs\Python\Python313\Lib\site-packages\gspread\client.py", line 168, in open_by_key
    spreadsheet = Spreadsheet(self.http_client, {"id": key})
  File "C:\Users\PC\AppData\Local\Programs\Python\Python313\Lib\site-packages\gspread\spreadsheet.py", line 29, in __init__
    metadata = self.fetch_sheet_metadata()
  File "C:\Users\PC\AppData\Local\Programs\Python\Python313\Lib\site-packages\gspread_formatting\functions.py", line 175, in fetch_sheet_metadata
    r = self.client.request('get', url, params=params)
  File "C:\Users\PC\AppData\Local\Programs\Python\Python313\Lib\site-packages\gspread\http_client.py", line 128, in request
    raise APIError(response)
gspread.exceptions.APIError: APIError: [503]: The service is currently unavailable.

During handling of the above exception, another exception occurred:

Traceback (most recent call last):
  File "C:\Lay_link\linkDesign\main.py", line 103, in <module>
    main()
    ~~~~^^
  File "C:\Lay_link\linkDesign\main.py", line 34, in main
    data = handler.copy_all_data_sheets(source_sheet_ids)
  File "C:\Lay_link\linkDesign\google_sheet.py", line 107, in copy_all_data_sheets
    print(f"L\u1ed7i khi l\u1ea5y d\u1eef li\u1ec7u t\u1eeb sheet {sheet_id}: {e}")
    ~~~~~^^^^^^^^^^^^^^^^^^^^^^^^^^^^^^^^^^^^^^^^^^^^^^^^^
  File "C:\Users\PC\AppData\Local\Programs\Python\Python313\Lib\encodings\cp1252.py", line 19, in encode
    return codecs.charmap_encode(input,self.errors,encoding_table)[0]
           ~~~~~~~~~~~~~~~~~~~~~^^^^^^^^^^^^^^^^^^^^^^^^^^^^^^^^^^
UnicodeEncodeError: 'charmap' codec can't encode character '\u1ed7' in position 1: character maps to <undefined>
khoi dong chuong trinh ....
Traceback (most recent call last):
  File "C:\Lay_link\linkDesign\main.py", line 103, in <module>
    main()
    ~~~~^^
  File "C:\Lay_link\linkDesign\main.py", line 35, in main
    print("Vui lòng ch\u1ecdn ch\u1ee9c n\u0103ng:")
    ~~~~~^^^^^^^^^^^^^^^^^^^^^^^^^^^^
  File "C:\Users\PC\AppData\Local\Programs\Python\Python313\Lib\encodings\cp1252.py", line 19, in encode
    return codecs.charmap_encode(input,self.errors,encoding_table)[0]
           ~~~~~~~~~~~~~~~~~~~~~^^^^^^^^^^^^^^^^^^^^^^^^^^^^^^^^^^
UnicodeEncodeError: 'charmap' codec can't encode character '\u1ecd' in position 11: character maps to <undefined>
khoi dong chuong trinh ....
Traceback (most recent call last):
  File "C:\Lay_link\linkDesign\main.py", line 103, in <module>
    main()
    ~~~~^^
  File "C:\Lay_link\linkDesign\main.py", line 35, in main
    print("Vui lòng ch\u1ecdn ch\u1ee9c n\u0103ng:")
    ~~~~~^^^^^^^^^^^^^^^^^^^^^^^^^^^^
  File "C:\Users\PC\AppData\Local\Programs\Python\Python313\Lib\encodings\cp1252.py", line 19, in encode
    return codecs.charmap_encode(input,self.errors,encoding_table)[0]
           ~~~~~~~~~~~~~~~~~~~~~^^^^^^^^^^^^^^^^^^^^^^^^^^^^^^^^^^
UnicodeEncodeError: 'charmap' codec can't encode character '\u1ecd' in position 11: character maps to <undefined>
khoi dong chuong trinh ....
Traceback (most recent call last):
  File "C:\Lay_link\linkDesign\main.py", line 104, in <module>
    main()
    ~~~~^^
  File "C:\Lay_link\linkDesign\main.py", line 35, in main
    print("Vui lòng ch\u1ecdn ch\u1ee9c n\u0103ng:")
    ~~~~~^^^^^^^^^^^^^^^^^^^^^^^^^^^^
  File "C:\Users\PC\AppData\Local\Programs\Python\Python313\Lib\encodings\cp1252.py", line 19, in encode
    return codecs.charmap_encode(input,self.errors,encoding_table)[0]
           ~~~~~~~~~~~~~~~~~~~~~^^^^^^^^^^^^^^^^^^^^^^^^^^^^^^^^^^
UnicodeEncodeError: 'charmap' codec can't encode character '\u1ecd' in position 11: character maps to <undefined>
khoi dong chuong trinh ....
Traceback (most recent call last):
  File "C:\Lay_link\linkDesign\main.py", line 104, in <module>
    main()
    ~~~~^^
  File "C:\Lay_link\linkDesign\main.py", line 35, in main
    print("Vui lòng ch\u1ecdn ch\u1ee9c n\u0103ng:")
    ~~~~~^^^^^^^^^^^^^^^^^^^^^^^^^^^^
  File "C:\Users\PC\AppData\Local\Programs\Python\Python313\Lib\encodings\cp1252.py", line 19, in encode
    return codecs.charmap_encode(input,self.errors,encoding_table)[0]
           ~~~~~~~~~~~~~~~~~~~~~^^^^^^^^^^^^^^^^^^^^^^^^^^^^^^^^^^
UnicodeEncodeError: 'charmap' codec can't encode character '\u1ecd' in position 11: character maps to <undefined>
khoi dong chuong trinh ....
Traceback (most recent call last):
  File "C:\Lay_link\linkDesign\main.py", line 104, in <module>
    main()
    ~~~~^^
  File "C:\Lay_link\linkDesign\main.py", line 35, in main
    print("Vui lòng ch\u1ecdn ch\u1ee9c n\u0103ng:")
    ~~~~~^^^^^^^^^^^^^^^^^^^^^^^^^^^^
  File "C:\Users\PC\AppData\Local\Programs\Python\Python313\Lib\encodings\cp1252.py", line 19, in encode
    return codecs.charmap_encode(input,self.errors,encoding_table)[0]
           ~~~~~~~~~~~~~~~~~~~~~^^^^^^^^^^^^^^^^^^^^^^^^^^^^^^^^^^
UnicodeEncodeError: 'charmap' codec can't encode character '\u1ecd' in position 11: character maps to <undefined>
khoi dong chuong trinh ....
Traceback (most recent call last):
  File "C:\Lay_link\linkDesign\main.py", line 105, in <module>
    main()
    ~~~~^^
  File "C:\Lay_link\linkDesign\main.py", line 36, in main
    print("Vui lòng ch\u1ecdn ch\u1ee9c n\u0103ng:")
    ~~~~~^^^^^^^^^^^^^^^^^^^^^^^^^^^^
  File "C:\Users\PC\AppData\Local\Programs\Python\Python313\Lib\encodings\cp1252.py", line 19, in encode
    return codecs.charmap_encode(input,self.errors,encoding_table)[0]
           ~~~~~~~~~~~~~~~~~~~~~^^^^^^^^^^^^^^^^^^^^^^^^^^^^^^^^^^
UnicodeEncodeError: 'charmap' codec can't encode character '\u1ecd' in position 11: character maps to <undefined>
khoi dong chuong trinh ....
Traceback (most recent call last):
  File "C:\Lay_link\linkDesign\main.py", line 105, in <module>
    main()
    ~~~~^^
  File "C:\Lay_link\linkDesign\main.py", line 36, in main
    print("Vui lòng ch\u1ecdn ch\u1ee9c n\u0103ng:")
    ~~~~~^^^^^^^^^^^^^^^^^^^^^^^^^^^^
  File "C:\Users\PC\AppData\Local\Programs\Python\Python313\Lib\encodings\cp1252.py", line 19, in encode
    return codecs.charmap_encode(input,self.errors,encoding_table)[0]
           ~~~~~~~~~~~~~~~~~~~~~^^^^^^^^^^^^^^^^^^^^^^^^^^^^^^^^^^
UnicodeEncodeError: 'charmap' codec can't encode character '\u1ecd' in position 11: character maps to <undefined>
khoi dong chuong trinh ....
Traceback (most recent call last):
  File "C:\Lay_link\linkDesign\main.py", line 105, in <module>
    main()
    ~~~~^^
  File "C:\Lay_link\linkDesign\main.py", line 36, in main
    print("Vui lòng ch\u1ecdn ch\u1ee9c n\u0103ng:")
    ~~~~~^^^^^^^^^^^^^^^^^^^^^^^^^^^^
  File "C:\Users\PC\AppData\Local\Programs\Python\Python313\Lib\encodings\cp1252.py", line 19, in encode
    return codecs.charmap_encode(input,self.errors,encoding_table)[0]
           ~~~~~~~~~~~~~~~~~~~~~^^^^^^^^^^^^^^^^^^^^^^^^^^^^^^^^^^
UnicodeEncodeError: 'charmap' codec can't encode character '\u1ecd' in position 11: character maps to <undefined>
khoi dong chuong trinh ....
Traceback (most recent call last):
  File "C:\Lay_link\linkDesign\main.py", line 105, in <module>
    main()
    ~~~~^^
  File "C:\Lay_link\linkDesign\main.py", line 36, in main
    print("Vui lòng ch\u1ecdn ch\u1ee9c n\u0103ng:")
    ~~~~~^^^^^^^^^^^^^^^^^^^^^^^^^^^^
  File "C:\Users\PC\AppData\Local\Programs\Python\Python313\Lib\encodings\cp1252.py", line 19, in encode
    return codecs.charmap_encode(input,self.errors,encoding_table)[0]
           ~~~~~~~~~~~~~~~~~~~~~^^^^^^^^^^^^^^^^^^^^^^^^^^^^^^^^^^
UnicodeEncodeError: 'charmap' codec can't encode character '\u1ecd' in position 11: character maps to <undefined>
khoi dong chuong trinh ....
Traceback (most recent call last):
  File "C:\Lay_link\linkDesign\main.py", line 105, in <module>
    main()
    ~~~~^^
  File "C:\Lay_link\linkDesign\main.py", line 36, in main
    print("Vui lòng ch\u1ecdn ch\u1ee9c n\u0103ng:")
    ~~~~~^^^^^^^^^^^^^^^^^^^^^^^^^^^^
  File "C:\Users\PC\AppData\Local\Programs\Python\Python313\Lib\encodings\cp1252.py", line 19, in encode
    return codecs.charmap_encode(input,self.errors,encoding_table)[0]
           ~~~~~~~~~~~~~~~~~~~~~^^^^^^^^^^^^^^^^^^^^^^^^^^^^^^^^^^
UnicodeEncodeError: 'charmap' codec can't encode character '\u1ecd' in position 11: character maps to <undefined>
khoi dong chuong trinh ....
Traceback (most recent call last):
  File "C:\Lay_link\linkDesign\main.py", line 105, in <module>
    main()
    ~~~~^^
  File "C:\Lay_link\linkDesign\main.py", line 36, in main
    print("Vui lòng ch\u1ecdn ch\u1ee9c n\u0103ng:")
    ~~~~~^^^^^^^^^^^^^^^^^^^^^^^^^^^^
  File "C:\Users\PC\AppData\Local\Programs\Python\Python313\Lib\encodings\cp1252.py", line 19, in encode
    return codecs.charmap_encode(input,self.errors,encoding_table)[0]
           ~~~~~~~~~~~~~~~~~~~~~^^^^^^^^^^^^^^^^^^^^^^^^^^^^^^^^^^
UnicodeEncodeError: 'charmap' codec can't encode character '\u1ecd' in position 11: character maps to <undefined>
khoi dong chuong trinh ....
Traceback (most recent call last):
  File "C:\Lay_link\linkDesign\main.py", line 105, in <module>
    main()
    ~~~~^^
  File "C:\Lay_link\linkDesign\main.py", line 36, in main
    print("Vui lòng ch\u1ecdn ch\u1ee9c n\u0103ng:")
    ~~~~~^^^^^^^^^^^^^^^^^^^^^^^^^^^^
  File "C:\Users\PC\AppData\Local\Programs\Python\Python313\Lib\encodings\cp1252.py", line 19, in encode
    return codecs.charmap_encode(input,self.errors,encoding_table)[0]
           ~~~~~~~~~~~~~~~~~~~~~^^^^^^^^^^^^^^^^^^^^^^^^^^^^^^^^^^
UnicodeEncodeError: 'charmap' codec can't encode character '\u1ecd' in position 11: character maps to <undefined>
khoi dong chuong trinh ....
Traceback (most recent call last):
  File "C:\Lay_link\linkDesign\main.py", line 106, in <module>
    main()
    ~~~~^^
  File "C:\Lay_link\linkDesign\main.py", line 37, in main
    print("Vui lòng ch\u1ecdn ch\u1ee9c n\u0103ng:")
    ~~~~~^^^^^^^^^^^^^^^^^^^^^^^^^^^^
  File "C:\Users\PC\AppData\Local\Programs\Python\Python313\Lib\encodings\cp1252.py", line 19, in encode
    return codecs.charmap_encode(input,self.errors,encoding_table)[0]
           ~~~~~~~~~~~~~~~~~~~~~^^^^^^^^^^^^^^^^^^^^^^^^^^^^^^^^^^
UnicodeEncodeError: 'charmap' codec can't encode character '\u1ecd' in position 11: character maps to <undefined>
khoi dong chuong trinh ....
Traceback (most recent call last):
  File "C:\Lay_link\linkDesign\main.py", line 108, in <module>
    main()
    ~~~~^^
  File "C:\Lay_link\linkDesign\main.py", line 38, in main
    print("Vui lòng ch\u1ecdn ch\u1ee9c n\u0103ng:")
    ~~~~~^^^^^^^^^^^^^^^^^^^^^^^^^^^^
  File "C:\Users\PC\AppData\Local\Programs\Python\Python313\Lib\encodings\cp1252.py", line 19, in encode
    return codecs.charmap_encode(input,self.errors,encoding_table)[0]
           ~~~~~~~~~~~~~~~~~~~~~^^^^^^^^^^^^^^^^^^^^^^^^^^^^^^^^^^
UnicodeEncodeError: 'charmap' codec can't encode character '\u1ecd' in position 11: character maps to <undefined>
khoi dong chuong trinh ....
Traceback (most recent call last):
  File "C:\Lay_link\linkDesign\main.py", line 108, in <module>
    main()
    ~~~~^^
  File "C:\Lay_link\linkDesign\main.py", line 38, in main
    print("Vui lòng ch\u1ecdn ch\u1ee9c n\u0103ng:")
    ~~~~~^^^^^^^^^^^^^^^^^^^^^^^^^^^^
  File "C:\Users\PC\AppData\Local\Programs\Python\Python313\Lib\encodings\cp1252.py", line 19, in encode
    return codecs.charmap_encode(input,self.errors,encoding_table)[0]
           ~~~~~~~~~~~~~~~~~~~~~^^^^^^^^^^^^^^^^^^^^^^^^^^^^^^^^^^
UnicodeEncodeError: 'charmap' codec can't encode character '\u1ecd' in position 11: character maps to <undefined>
khoi dong chuong trinh ....
Traceback (most recent call last):
  File "C:\Lay_link\linkDesign\main.py", line 108, in <module>
    main()
    ~~~~^^
  File "C:\Lay_link\linkDesign\main.py", line 38, in main
    print("Vui lòng ch\u1ecdn ch\u1ee9c n\u0103ng:")
    ~~~~~^^^^^^^^^^^^^^^^^^^^^^^^^^^^
  File "C:\Users\PC\AppData\Local\Programs\Python\Python313\Lib\encodings\cp1252.py", line 19, in encode
    return codecs.charmap_encode(input,self.errors,encoding_table)[0]
           ~~~~~~~~~~~~~~~~~~~~~^^^^^^^^^^^^^^^^^^^^^^^^^^^^^^^^^^
UnicodeEncodeError: 'charmap' codec can't encode character '\u1ecd' in position 11: character maps to <undefined>
khoi dong chuong trinh ....
Traceback (most recent call last):
  File "C:\Lay_link\linkDesign\main.py", line 109, in <module>
    main()
    ~~~~^^
  File "C:\Lay_link\linkDesign\main.py", line 39, in main
    print("Vui lòng ch\u1ecdn ch\u1ee9c n\u0103ng:")
    ~~~~~^^^^^^^^^^^^^^^^^^^^^^^^^^^^
  File "C:\Users\PC\AppData\Local\Programs\Python\Python313\Lib\encodings\cp1252.py", line 19, in encode
    return codecs.charmap_encode(input,self.errors,encoding_table)[0]
           ~~~~~~~~~~~~~~~~~~~~~^^^^^^^^^^^^^^^^^^^^^^^^^^^^^^^^^^
UnicodeEncodeError: 'charmap' codec can't encode character '\u1ecd' in position 11: character maps to <undefined>
khoi dong chuong trinh ....
Traceback (most recent call last):
  File "C:\Lay_link\linkDesign\google_sheet.py", line 119, in copy_all_data_sheets_date
    data = worksheet.get_all_values()  # L\u1ea5y t\u1ea5t c\u1ea3 d\u1eef li\u1ec7u c\u1ee7a sheet
  File "C:\Users\PC\AppData\Local\Programs\Python\Python313\Lib\site-packages\gspread\worksheet.py", line 485, in get_all_values
    return self.get_values(
           ~~~~~~~~~~~~~~~^
        range_name=range_name,
        ^^^^^^^^^^^^^^^^^^^^^^
    ...<6 lines>...
        return_type=return_type,
        ^^^^^^^^^^^^^^^^^^^^^^^^
    )
    ^
  File "C:\Users\PC\AppData\Local\Programs\Python\Python313\Lib\site-packages\gspread\worksheet.py", line 462, in get_values
    return self.get(
           ~~~~~~~~^
        range_name=range_name,
        ^^^^^^^^^^^^^^^^^^^^^^
    ...<6 lines>...
        return_type=return_type,
        ^^^^^^^^^^^^^^^^^^^^^^^^
    )
    ^
  File "C:\Users\PC\AppData\Local\Programs\Python\Python313\Lib\site-packages\gspread\worksheet.py", line 954, in get
    response = self.client.values_get(
        self.spreadsheet_id, get_range_name, params=params
    )
  File "C:\Users\PC\AppData\Local\Programs\Python\Python313\Lib\site-packages\gspread\http_client.py", line 236, in values_get
    r = self.request("get", url, params=params)
  File "C:\Users\PC\AppData\Local\Programs\Python\Python313\Lib\site-packages\gspread\http_client.py", line 128, in request
    raise APIError(response)
gspread.exceptions.APIError: APIError: [429]: Quota exceeded for quota metric 'Read requests' and limit 'Read requests per minute per user' of service 'sheets.googleapis.com' for consumer 'project_number:322156275508'.

During handling of the above exception, another exception occurred:

Traceback (most recent call last):
  File "C:\Lay_link\linkDesign\main.py", line 109, in <module>
    main()
    ~~~~^^
  File "C:\Lay_link\linkDesign\main.py", line 38, in main
    data = handler.copy_all_data_sheets_date(source_sheet_ids,cutoff_date)
  File "C:\Lay_link\linkDesign\google_sheet.py", line 146, in copy_all_data_sheets_date
    print(f"L\u1ed7i khi l\u1ea5y d\u1eef li\u1ec7u t\u1eeb sheet {sheet_id}: {e}")
    ~~~~~^^^^^^^^^^^^^^^^^^^^^^^^^^^^^^^^^^^^^^^^^^^^^^^^^
  File "C:\Users\PC\AppData\Local\Programs\Python\Python313\Lib\encodings\cp1252.py", line 19, in encode
    return codecs.charmap_encode(input,self.errors,encoding_table)[0]
           ~~~~~~~~~~~~~~~~~~~~~^^^^^^^^^^^^^^^^^^^^^^^^^^^^^^^^^^
UnicodeEncodeError: 'charmap' codec can't encode character '\u1ed7' in position 1: character maps to <undefined>
